# JRE version: OpenJDK Runtime Environment JBR-17.0.12+1-1087.25-nomod (17.0.12+1) (build 17.0.12+1-b1087.25)
# Java VM: OpenJDK 64-Bit Server VM JBR-17.0.12+1-1087.25-nomod (17.0.12+1-b1087.25, mixed mode, tiered, compressed oops, compressed class ptrs, g1 gc, windows-amd64)
GC Precious Log:
 CPUs: 12 total, 12 available
 Memory: 16163M
 Large Page Support: Disabled
 NUMA Support: Disabled
 Compressed Oops: Enabled (Zero based)
 Heap Region Size: 2M
 Heap Min Capacity: 8M
 Heap Initial Capacity: 254M
 Heap Max Capacity: 4042M
 Pre-touch: Disabled
 Parallel Workers: 10
 Concurrent Workers: 3
 Concurrent Refinement Workers: 10
 Periodic GC: Disabled
Heap:
 garbage-first heap   total 348160K, used 76706K [0x0000000703600000, 0x0000000800000000)
  region size 2048K, 1 young (2048K), 1 survivors (2048K)
 Metaspace       used 31517K, committed 31744K, reserved 1114112K
  class space    used 3816K, committed 3904K, reserved 1048576K
GC Heap History (20 events):
Event: 3.812 GC heap after
{Heap after GC invocations=4 (full 0):
 garbage-first heap   total 86016K, used 51665K [0x0000000703600000, 0x0000000800000000)
  region size 2048K, 2 young (4096K), 2 survivors (4096K)
 Metaspace       used 30468K, committed 30784K, reserved 1114112K
  class space    used 3679K, committed 3840K, reserved 1048576K
}
Event: 4.283 GC heap before
{Heap before GC invocations=4 (full 0):
 garbage-first heap   total 110592K, used 86481K [0x0000000703600000, 0x0000000800000000)
  region size 2048K, 3 young (6144K), 2 survivors (4096K)
 Metaspace       used 31146K, committed 31360K, reserved 1114112K
  class space    used 3779K, committed 3904K, reserved 1048576K
}
Event: 4.286 GC heap after
{Heap after GC invocations=5 (full 0):
 garbage-first heap   total 110592K, used 76966K [0x0000000703600000, 0x0000000800000000)
  region size 2048K, 1 young (2048K), 1 survivors (2048K)
 Metaspace       used 31146K, committed 31360K, reserved 1114112K
  class space    used 3779K, committed 3904K, reserved 1048576K
}
Event: 4.359 GC heap before
{Heap before GC invocations=5 (full 0):
 garbage-first heap   total 110592K, used 87206K [0x0000000703600000, 0x0000000800000000)
  region size 2048K, 6 young (12288K), 1 survivors (2048K)
 Metaspace       used 31360K, committed 31616K, reserved 1114112K
  class space    used 3813K, committed 3904K, reserved 1048576K
}
Event: 4.360 GC heap after
{Heap after GC invocations=6 (full 0):
 garbage-first heap   total 110592K, used 76598K [0x0000000703600000, 0x0000000800000000)
  region size 2048K, 1 young (2048K), 1 survivors (2048K)
 Metaspace       used 31360K, committed 31616K, reserved 1114112K
  class space    used 3813K, committed 3904K, reserved 1048576K
}
Event: 4.379 GC heap before
{Heap before GC invocations=7 (full 0):
 garbage-first heap   total 141312K, used 88886K [0x0000000703600000, 0x0000000800000000)
  region size 2048K, 7 young (14336K), 1 survivors (2048K)
 Metaspace       used 31388K, committed 31616K, reserved 1114112K
  class space    used 3813K, committed 3904K, reserved 1048576K
}
Event: 4.380 GC heap after
{Heap after GC invocations=8 (full 0):
 garbage-first heap   total 141312K, used 76560K [0x0000000703600000, 0x0000000800000000)
  region size 2048K, 1 young (2048K), 1 survivors (2048K)
 Metaspace       used 31388K, committed 31616K, reserved 1114112K
  class space    used 3813K, committed 3904K, reserved 1048576K
}
Event: 4.393 GC heap before
{Heap before GC invocations=8 (full 0):
 garbage-first heap   total 141312K, used 111376K [0x0000000703600000, 0x0000000800000000)
  region size 2048K, 18 young (36864K), 1 survivors (2048K)
 Metaspace       used 31496K, committed 31680K, reserved 1114112K
  class space    used 3816K, committed 3904K, reserved 1048576K
}
Event: 4.394 GC heap after
{Heap after GC invocations=9 (full 0):
 garbage-first heap   total 141312K, used 76742K [0x0000000703600000, 0x0000000800000000)
  region size 2048K, 1 young (2048K), 1 survivors (2048K)
 Metaspace       used 31496K, committed 31680K, reserved 1114112K
  class space    used 3816K, committed 3904K, reserved 1048576K
}
Event: 4.406 GC heap before
{Heap before GC invocations=10 (full 0):
 garbage-first heap   total 174080K, used 115654K [0x0000000703600000, 0x0000000800000000)
  region size 2048K, 20 young (40960K), 1 survivors (2048K)
 Metaspace       used 31496K, committed 31680K, reserved 1114112K
  class space    used 3816K, committed 3904K, reserved 1048576K
}
Event: 4.407 GC heap after
{Heap after GC invocations=11 (full 0):
 garbage-first heap   total 174080K, used 76689K [0x0000000703600000, 0x0000000800000000)
  region size 2048K, 1 young (2048K), 1 survivors (2048K)
 Metaspace       used 31496K, committed 31680K, reserved 1114112K
  class space    used 3816K, committed 3904K, reserved 1048576K
}
Event: 4.414 GC heap before
{Heap before GC invocations=11 (full 0):
 garbage-first heap   total 174080K, used 142225K [0x0000000703600000, 0x0000000800000000)
  region size 2048K, 33 young (67584K), 1 survivors (2048K)
 Metaspace       used 31514K, committed 31744K, reserved 1114112K
  class space    used 3816K, committed 3904K, reserved 1048576K
}
Event: 4.417 GC heap after
{Heap after GC invocations=12 (full 0):
 garbage-first heap   total 348160K, used 76718K [0x0000000703600000, 0x0000000800000000)
  region size 2048K, 1 young (2048K), 1 survivors (2048K)
 Metaspace       used 31514K, committed 31744K, reserved 1114112K
  class space    used 3816K, committed 3904K, reserved 1048576K
}
Event: 4.432 GC heap before
{Heap before GC invocations=12 (full 0):
 garbage-first heap   total 348160K, used 283566K [0x0000000703600000, 0x0000000800000000)
  region size 2048K, 102 young (208896K), 1 survivors (2048K)
 Metaspace       used 31516K, committed 31744K, reserved 1114112K
  class space    used 3816K, committed 3904K, reserved 1048576K
}
Event: 4.433 GC heap after
{Heap after GC invocations=13 (full 0):
 garbage-first heap   total 348160K, used 76710K [0x0000000703600000, 0x0000000800000000)
  region size 2048K, 1 young (2048K), 1 survivors (2048K)
 Metaspace       used 31516K, committed 31744K, reserved 1114112K
  class space    used 3816K, committed 3904K, reserved 1048576K
}
Event: 4.445 GC heap before
{Heap before GC invocations=13 (full 0):
 garbage-first heap   total 348160K, used 283558K [0x0000000703600000, 0x0000000800000000)
  region size 2048K, 102 young (208896K), 1 survivors (2048K)
 Metaspace       used 31516K, committed 31744K, reserved 1114112K
  class space    used 3816K, committed 3904K, reserved 1048576K
}
Event: 4.446 GC heap after
{Heap after GC invocations=14 (full 0):
 garbage-first heap   total 348160K, used 76710K [0x0000000703600000, 0x0000000800000000)
  region size 2048K, 1 young (2048K), 1 survivors (2048K)
 Metaspace       used 31516K, committed 31744K, reserved 1114112K
  class space    used 3816K, committed 3904K, reserved 1048576K
}
Event: 4.458 GC heap before
{Heap before GC invocations=14 (full 0):
 garbage-first heap   total 348160K, used 283558K [0x0000000703600000, 0x0000000800000000)
  region size 2048K, 102 young (208896K), 1 survivors (2048K)
 Metaspace       used 31516K, committed 31744K, reserved 1114112K
  class space    used 3816K, committed 3904K, reserved 1048576K
}
Event: 4.459 GC heap after
{Heap after GC invocations=15 (full 0):
 garbage-first heap   total 348160K, used 76689K [0x0000000703600000, 0x0000000800000000)
  region size 2048K, 1 young (2048K), 1 survivors (2048K)
 Metaspace       used 31516K, committed 31744K, reserved 1114112K
  class space    used 3816K, committed 3904K, reserved 1048576K
}
Event: 4.474 GC heap before
{Heap before GC invocations=15 (full 0):
 garbage-first heap   total 348160K, used 283537K [0x0000000703600000, 0x0000000800000000)
  region size 2048K, 102 young (208896K), 1 survivors (2048K)
 Metaspace       used 31517K, committed 31744K, reserved 1114112K
  class space    used 3816K, committed 3904K, reserved 1048576K
}

